Command line:
   opcode_gen_tb_isim_beh.exe
     -simmode  gui
     -simrunnum  0
     -socket  52976

Fri Apr 07 13:04:08 2017


 Elaboration Time: 0.0312 sec

 Current Memory Usage: 495.055 Meg

 Total Signals          : 12
 Total Nets             : 34
 Total Signal Drivers   : 7
 Total Blocks           : 3
 Total Primitive Blocks : 2
 Total Processes        : 6
 Total Traceable Variables  : 8
 Total Scalar Nets and Variables : 394
Total Line Count : 14

 Total Simulation Time: 0.0312 sec

 Current Memory Usage: 495.055 Meg

Fri Apr 07 13:05:53 2017

