Command line:
   mux16_1bit_tb_isim_beh.exe
     -simmode  gui
     -simrunnum  0
     -socket  7022

Thu Apr 06 18:12:36 2017


 Elaboration Time: 0.0156 sec

 Current Memory Usage: 495.059 Meg

 Total Signals          : 42
 Total Nets             : 21
 Total Signal Drivers   : 21
 Total Blocks           : 3
 Total Primitive Blocks : 2
 Total Processes        : 2
 Total Traceable Variables  : 8
 Total Scalar Nets and Variables : 381
Total Line Count : 22

 Total Simulation Time: 0.0156 sec

 Current Memory Usage: 495.059 Meg

Thu Apr 06 18:12:38 2017

