Command line:
   ALU_tb_isim_beh.exe
     -simmode  gui
     -simrunnum  0
     -socket  2490

Tue Mar 21 21:07:49 2017


 Elaboration Time: 0.0312 sec

 Current Memory Usage: 495.157 Meg

 Total Signals          : 12
 Total Nets             : 55
 Total Signal Drivers   : 6
 Total Blocks           : 4
 Total Primitive Blocks : 3
 Total Processes        : 4
 Total Traceable Variables  : 13
 Total Scalar Nets and Variables : 538
Total Line Count : 31

 Total Simulation Time: 0.0468 sec

 Current Memory Usage: 495.157 Meg

Tue Mar 21 21:08:03 2017

