Command line:
   mux8_16bit_tb_isim_beh.exe
     -simmode  gui
     -simrunnum  0
     -socket  6121

Thu Apr 06 15:49:33 2017


 Elaboration Time: 0.0156 sec

 Current Memory Usage: 495.055 Meg

 Total Signals          : 24
 Total Nets             : 147
 Total Signal Drivers   : 12
 Total Blocks           : 3
 Total Primitive Blocks : 2
 Total Processes        : 2
 Total Traceable Variables  : 8
 Total Scalar Nets and Variables : 507
Total Line Count : 18

 Total Simulation Time: 0.0312 sec

 Current Memory Usage: 495.055 Meg

Thu Apr 06 15:55:45 2017

