Command line:
   CAR_tb_isim_beh.exe
     -simmode  gui
     -simrunnum  0
     -socket  52984

Fri Apr 07 13:06:48 2017


 Elaboration Time: 0.0156 sec

 Current Memory Usage: 495.055 Meg

 Total Signals          : 6
 Total Nets             : 17
 Total Signal Drivers   : 3
 Total Blocks           : 3
 Total Primitive Blocks : 2
 Total Processes        : 2
 Total Traceable Variables  : 8
 Total Scalar Nets and Variables : 377
Total Line Count : 6

 Total Simulation Time: 0.0156 sec

 Current Memory Usage: 495.055 Meg

Fri Apr 07 13:08:14 2017

