Command line:
   control_memory_tb_isim_beh.exe
     -simmode  gui
     -simrunnum  0
     -socket  52995

Fri Apr 07 13:10:14 2017


 Elaboration Time: 0.0312 sec

 Current Memory Usage: 495.153 Meg

 Total Signals          : 32
 Total Nets             : 36
 Total Signal Drivers   : 16
 Total Blocks           : 5
 Total Primitive Blocks : 4
 Total Processes        : 2
 Total Traceable Variables  : 10
 Total Scalar Nets and Variables : 414
Total Line Count : 24

 Total Simulation Time: 0.0468 sec

 Current Memory Usage: 495.153 Meg

Fri Apr 07 13:11:42 2017

