Command line:
   mux9_16bit_tb_isim_beh.exe
     -simmode  gui
     -simrunnum  0
     -socket  2338

Sat Apr 01 17:15:25 2017


 Elaboration Time: 0.0468 sec

 Current Memory Usage: 495.055 Meg

 Total Signals          : 28
 Total Nets             : 164
 Total Signal Drivers   : 14
 Total Blocks           : 3
 Total Primitive Blocks : 2
 Total Processes        : 2
 Total Traceable Variables  : 8
 Total Scalar Nets and Variables : 524
Total Line Count : 21

 Total Simulation Time: 0.0468 sec

 Current Memory Usage: 495.055 Meg

Sat Apr 01 17:15:34 2017

