Command line:
   memory512_16bit_tb_isim_beh.exe
     -simmode  gui
     -simrunnum  1
     -socket  7031

Thu Apr 06 18:14:54 2017


 Elaboration Time: 0.1248 sec

 Current Memory Usage: 524.321 Meg

 Total Signals          : 5921
 Total Nets             : 10562
 Total Signal Drivers   : 1757
 Total Blocks           : 734
 Total Primitive Blocks : 660
 Total Processes        : 1755
 Total Traceable Variables  : 14
 Total Scalar Nets and Variables : 11046
Total Line Count : 2795

 Total Simulation Time: 0.296401 sec

 Current Memory Usage: 524.321 Meg

Thu Apr 06 18:17:09 2017

