Command line:
   function_unit_tb_isim_beh.exe
     -simmode  gui
     -simrunnum  0
     -socket  7024

Thu Apr 06 18:12:48 2017


 Elaboration Time: 0.0312 sec

 Current Memory Usage: 495.059 Meg

 Total Signals          : 478
 Total Nets             : 142
 Total Signal Drivers   : 60
 Total Blocks           : 40
 Total Primitive Blocks : 35
 Total Processes        : 58
 Total Traceable Variables  : 8
 Total Scalar Nets and Variables : 502
Total Line Count : 79

 Total Simulation Time: 0.0312 sec

 Current Memory Usage: 495.059 Meg

Thu Apr 06 18:17:13 2017

