Command line:
   full_adder_tb_isim_beh.exe
     -simmode  gui
     -simrunnum  0
     -socket  3813

Sat Mar 18 17:04:05 2017


 Elaboration Time: 0.0156 sec

 Current Memory Usage: 495.055 Meg

 Total Signals          : 10
 Total Nets             : 5
 Total Signal Drivers   : 5
 Total Blocks           : 3
 Total Primitive Blocks : 2
 Total Processes        : 3
 Total Traceable Variables  : 8
 Total Scalar Nets and Variables : 365
Total Line Count : 14

 Total Simulation Time: 0.0156 sec

 Current Memory Usage: 495.055 Meg

Sat Mar 18 17:05:17 2017

