Command line:
   mux2_16bit_tb_isim_beh.exe
     -simmode  gui
     -simrunnum  0
     -socket  2362

Sat Apr 01 17:30:40 2017


 Elaboration Time: 0.0468 sec

 Current Memory Usage: 495.055 Meg

 Total Signals          : 8
 Total Nets             : 49
 Total Signal Drivers   : 4
 Total Blocks           : 3
 Total Primitive Blocks : 2
 Total Processes        : 2
 Total Traceable Variables  : 8
 Total Scalar Nets and Variables : 409
Total Line Count : 5

 Total Simulation Time: 0.0468 sec

 Current Memory Usage: 495.055 Meg

Sat Apr 01 17:30:48 2017

