Command line:
   zero_detect_tb_isim_beh.exe
     -simmode  gui
     -simrunnum  0
     -socket  2345

Sat Apr 01 17:20:09 2017


 Elaboration Time: 0.0312 sec

 Current Memory Usage: 495.055 Meg

 Total Signals          : 4
 Total Nets             : 17
 Total Signal Drivers   : 2
 Total Blocks           : 3
 Total Primitive Blocks : 2
 Total Processes        : 2
 Total Traceable Variables  : 8
 Total Scalar Nets and Variables : 377
Total Line Count : 8

 Total Simulation Time: 0.0468 sec

 Current Memory Usage: 495.055 Meg

Sat Apr 01 17:20:24 2017

