Command line:
   register_file_64_tb_isim_beh.exe
     -simmode  gui
     -simrunnum  0
     -socket  7827

Tue Apr 04 19:20:43 2017


 Elaboration Time: 0.0468 sec

 Current Memory Usage: 499.352 Meg

 Total Signals          : 731
 Total Nets             : 1334
 Total Signal Drivers   : 214
 Total Blocks           : 94
 Total Primitive Blocks : 84
 Total Processes        : 211
 Total Traceable Variables  : 14
 Total Scalar Nets and Variables : 1818
Total Line Count : 359

 Total Simulation Time: 0.1248 sec

 Current Memory Usage: 499.352 Meg

Tue Apr 04 19:21:07 2017

