Command line:
   reg_tb_isim_beh.exe
     -simmode  gui
     -simrunnum  0
     -socket  1820

Fri Feb 24 11:43:39 2017


 Elaboration Time: 0.0156 sec

 Current Memory Usage: 495.055 Meg

 Total Signals          : 8
 Total Nets             : 34
 Total Signal Drivers   : 4
 Total Blocks           : 3
 Total Primitive Blocks : 2
 Total Processes        : 3
 Total Traceable Variables  : 9
 Total Scalar Nets and Variables : 395
Total Line Count : 29

 Total Simulation Time: 0.0312 sec

 Current Memory Usage: 495.055 Meg

Fri Feb 24 11:43:42 2017

