Command line:
   register_file_8_tb_isim_beh.exe
     -simmode  gui
     -simrunnum  0
     -socket  5455

Thu Apr 06 14:57:18 2017


 Elaboration Time: 0.0468 sec

 Current Memory Usage: 495.157 Meg

 Total Signals          : 91
 Total Nets             : 184
 Total Signal Drivers   : 30
 Total Blocks           : 14
 Total Primitive Blocks : 12
 Total Processes        : 27
 Total Traceable Variables  : 14
 Total Scalar Nets and Variables : 668
Total Line Count : 64

 Total Simulation Time: 0.0468 sec

 Current Memory Usage: 495.157 Meg

Thu Apr 06 15:08:35 2017

